2025-04-14 13:22:59,831 [INFO] Activator:176 - 


2025-04-14 13:22:59,840 [INFO] Activator:177 - !SESSION log4j initialized
2025-04-14 13:23:08,425 [INFO] LogOutputStream:77 - [STDOUT_REDIRECT] 
2025-04-14 13:23:10,057 [INFO] ApplicationProperties:184 - Using Application install path: D:\Programy\STM32CubeIDE_1.18.0\STM32CubeIDE\plugins\com.st.stm32cube.common.mx_6.14.0.202502271554
2025-04-14 13:23:10,095 [INFO] DbMcusXml:78 - Set database path to: D:\Programy\STM32CubeIDE_1.18.0\STM32CubeIDE\plugins\com.st.stm32cube.common.mx_6.14.0.202502271554\\db\/mcu/
2025-04-14 13:23:10,096 [INFO] ApiDb:274 - Set plugin database path to: D:\Programy\STM32CubeIDE_1.18.0\STM32CubeIDE\plugins\com.st.stm32cube.common.mx_6.14.0.202502271554\\db\/plugins/boardmanager/
2025-04-14 13:23:10,096 [WARN] ApiDb:259 - Overriding images path with different value:  => D:\Programy\STM32CubeIDE_1.18.0\STM32CubeIDE\plugins\com.st.stm32cube.common.mx_6.14.0.202502271554\\db\/plugins/mcufinder/images/
2025-04-14 13:23:10,111 [INFO] ApiDb:250 - Set database path to: C:\Users\banas\.stmcufinder\plugins\mcufinder//mcu/
2025-04-14 13:23:10,112 [INFO] DbMcusAds:125 - Set database path to: C:\Users\banas\.stmcufinder\plugins\mcufinder//mcu/
2025-04-14 13:23:10,118 [INFO] CrossReferenceDbSqlite:203 - Set database path to: C:\Users\banas\.stmcufinder\plugins\mcufinder//mcu/cs/
2025-04-14 13:23:10,368 [INFO] RulesReader:64 - Compatibility file has been processed (301 Rules)
2025-04-14 13:23:10,529 [INFO] DbMcusXml:78 - Set database path to: D:\Programy\STM32CubeIDE_1.18.0\STM32CubeIDE\plugins\com.st.stm32cube.common.mx_6.14.0.202502271554\\db\/mcu/
2025-04-14 13:23:10,529 [INFO] ApiDb:274 - Set plugin database path to: D:\Programy\STM32CubeIDE_1.18.0\STM32CubeIDE\plugins\com.st.stm32cube.common.mx_6.14.0.202502271554\\db\/plugins/boardmanager/
2025-04-14 13:23:10,531 [INFO] ApiDb:261 - Set plugin images path to: D:\Programy\STM32CubeIDE_1.18.0\STM32CubeIDE\plugins\com.st.stm32cube.common.mx_6.14.0.202502271554\\db\/plugins/mcufinder/images/
2025-04-14 13:23:10,531 [WARN] DbFile:41 - Overriding database path with different value: C:\Users\banas\.stmcufinder\plugins\mcufinder/ => C:\Users\banas\.stmcufinder\plugins\mcufinder
2025-04-14 13:23:10,532 [INFO] ApiDb:250 - Set database path to: C:\Users\banas\.stmcufinder\plugins\mcufinder//mcu/
2025-04-14 13:23:10,532 [WARN] DbFile:41 - Overriding database path with different value: C:\Users\banas\.stmcufinder\plugins\mcufinder/ => C:\Users\banas\.stmcufinder\plugins\mcufinder
2025-04-14 13:23:10,532 [INFO] DbMcusAds:125 - Set database path to: C:\Users\banas\.stmcufinder\plugins\mcufinder//mcu/
2025-04-14 13:23:10,532 [WARN] DbFile:41 - Overriding database path with different value: C:\Users\banas\.stmcufinder\plugins\mcufinder/ => C:\Users\banas\.stmcufinder\plugins\mcufinder
2025-04-14 13:23:10,532 [WARN] DbFile:41 - Overriding database path with different value: C:\Users\banas\.stmcufinder\plugins\mcufinder/ => C:\Users\banas\.stmcufinder\plugins\mcufinder
2025-04-14 13:23:10,532 [INFO] CrossReferenceDbSqlite:203 - Set database path to: C:\Users\banas\.stmcufinder\plugins\mcufinder//mcu/cs/
2025-04-14 13:23:10,695 [INFO] MainPanel:272 - HeapMemory: 268435456
2025-04-14 13:23:10,922 [INFO] DbMcusXml:78 - Set database path to: D:\Programy\STM32CubeIDE_1.18.0\STM32CubeIDE\plugins\com.st.stm32cube.common.mx_6.14.0.202502271554\\db\/mcu/
2025-04-14 13:23:10,922 [INFO] ApiDb:274 - Set plugin database path to: D:\Programy\STM32CubeIDE_1.18.0\STM32CubeIDE\plugins\com.st.stm32cube.common.mx_6.14.0.202502271554\\db\/plugins/boardmanager/
2025-04-14 13:23:10,923 [INFO] ApiDb:261 - Set plugin images path to: D:\Programy\STM32CubeIDE_1.18.0\STM32CubeIDE\plugins\com.st.stm32cube.common.mx_6.14.0.202502271554\\db\/plugins/mcufinder/images/
2025-04-14 13:23:10,923 [WARN] DbFile:41 - Overriding database path with different value: C:\Users\banas\.stmcufinder\plugins\mcufinder/ => C:\Users\banas\.stmcufinder\plugins\mcufinder
2025-04-14 13:23:10,923 [INFO] ApiDb:250 - Set database path to: C:\Users\banas\.stmcufinder\plugins\mcufinder//mcu/
2025-04-14 13:23:10,923 [WARN] DbFile:41 - Overriding database path with different value: C:\Users\banas\.stmcufinder\plugins\mcufinder/ => C:\Users\banas\.stmcufinder\plugins\mcufinder
2025-04-14 13:23:10,923 [INFO] DbMcusAds:125 - Set database path to: C:\Users\banas\.stmcufinder\plugins\mcufinder//mcu/
2025-04-14 13:23:10,924 [WARN] DbFile:41 - Overriding database path with different value: C:\Users\banas\.stmcufinder\plugins\mcufinder/ => C:\Users\banas\.stmcufinder\plugins\mcufinder
2025-04-14 13:23:10,924 [WARN] DbFile:41 - Overriding database path with different value: C:\Users\banas\.stmcufinder\plugins\mcufinder/ => C:\Users\banas\.stmcufinder\plugins\mcufinder
2025-04-14 13:23:10,924 [INFO] CrossReferenceDbSqlite:203 - Set database path to: C:\Users\banas\.stmcufinder\plugins\mcufinder//mcu/cs/
2025-04-14 13:23:10,957 [INFO] ApplicationProperties:184 - Using Application install path: D:\Programy\STM32CubeIDE_1.18.0\STM32CubeIDE\plugins\com.st.stm32cube.common.mx_6.14.0.202502271554
2025-04-14 13:23:10,958 [INFO] PluginManage:196 - Search for loadable plugins [exclusion list=, ]
2025-04-14 13:23:10,962 [INFO] PluginManage:310 - Check plugin analytics
2025-04-14 13:23:11,229 [INFO] AnalyticsPlugin:253 - Accepted Software Licenses: 
2025-04-14 13:23:11,229 [INFO] AnalyticsPlugin:255 - Accepted CMSIS Pack Licenses: 
2025-04-14 13:23:11,229 [INFO] AnalyticsPlugin:257 - Accepted Firmware Licenses: FW.F4.1.28.0,FW.L4.1.18.0
2025-04-14 13:23:11,235 [INFO] PluginManage:359 - Loaded plugin analytics (category:tool,tabindex:-1)
2025-04-14 13:23:11,235 [INFO] PluginManage:310 - Check plugin cadmodel
2025-04-14 13:23:11,243 [INFO] CADModel:105 - Init CAD model plugin
2025-04-14 13:23:11,243 [INFO] PluginManage:359 - Loaded plugin cadmodel (category:power,tabindex:5)
2025-04-14 13:23:11,243 [INFO] PluginManage:310 - Check plugin clock
2025-04-14 13:23:11,262 [INFO] PluginManage:359 - Loaded plugin clock (category:base,tabindex:2)
2025-04-14 13:23:11,263 [INFO] PluginManage:310 - Check plugin ddr
2025-04-14 13:23:11,269 [INFO] PluginManage:359 - Loaded plugin ddr (category:tool,tabindex:6)
2025-04-14 13:23:11,270 [INFO] PluginManage:310 - Check plugin filemanager
2025-04-14 13:23:11,538 [INFO] PluginManage:359 - Loaded plugin filemanager (category:base,tabindex:10)
2025-04-14 13:23:11,538 [INFO] PluginManage:310 - Check plugin ipmanager
2025-04-14 13:23:11,550 [INFO] PluginManage:359 - Loaded plugin ipmanager (category:base,tabindex:5)
2025-04-14 13:23:11,550 [INFO] PluginManage:310 - Check plugin lpbam
2025-04-14 13:23:11,564 [INFO] PluginManage:359 - Loaded plugin lpbam (category:base,tabindex:0)
2025-04-14 13:23:11,564 [INFO] PluginManage:310 - Check plugin memorymap
2025-04-14 13:23:11,587 [INFO] PluginManage:359 - Loaded plugin memorymap (category:base,tabindex:4)
2025-04-14 13:23:11,587 [INFO] PluginManage:310 - Check plugin pinoutandconfiguration
2025-04-14 13:23:11,604 [INFO] PluginManage:359 - Loaded plugin pinoutandconfiguration (category:base,tabindex:1)
2025-04-14 13:23:11,604 [INFO] PluginManage:310 - Check plugin pinoutconfig
2025-04-14 13:23:11,768 [WARN] SupportedApi:132 - Cannot load RTOS API schema: s4s-elt-must-match.1: The content of 'definitions' must match (annotation?, (simpleType | complexType)?, (unique | key | keyref)*)). A problem was found starting at: attribute.
2025-04-14 13:23:11,981 [INFO] PluginManage:359 - Loaded plugin pinoutconfig (category:base,tabindex:0)
2025-04-14 13:23:11,981 [INFO] PluginManage:310 - Check plugin power
2025-04-14 13:23:11,995 [INFO] PluginManage:359 - Loaded plugin power (category:power,tabindex:4)
2025-04-14 13:23:11,996 [INFO] PluginManage:310 - Check plugin projectmanager
2025-04-14 13:23:12,020 [INFO] PluginManage:359 - Loaded plugin projectmanager (category:projectmanager,tabindex:4)
2025-04-14 13:23:12,021 [INFO] PluginManage:310 - Check plugin rif
2025-04-14 13:23:12,032 [INFO] PluginManage:359 - Loaded plugin rif (category:base,tabindex:3)
2025-04-14 13:23:12,032 [INFO] PluginManage:310 - Check plugin thirdparty
2025-04-14 13:23:12,283 [INFO] PluginManage:359 - Loaded plugin thirdparty (category:base,tabindex:-1)
2025-04-14 13:23:12,283 [WARN] IntegrityCheckThread:84 - waiting for thirdparty lock release [integrity check]
2025-04-14 13:23:12,283 [INFO] PluginManage:310 - Check plugin tools
2025-04-14 13:23:12,283 [INFO] IntegrityCheckThread:86 - entering critical section [integrity check]
2025-04-14 13:23:12,283 [INFO] ThirdPartyUpdaterWithRetryManager:70 - Updater plugin not ready yet. [1/15]
2025-04-14 13:23:12,289 [INFO] PluginManage:359 - Loaded plugin tools (category:base,tabindex:7)
2025-04-14 13:23:12,289 [INFO] PluginManage:310 - Check plugin tutovideos
2025-04-14 13:23:12,680 [INFO] PluginManage:359 - Loaded plugin tutovideos (category:base,tabindex:-1)
2025-04-14 13:23:12,681 [INFO] PluginManage:310 - Check plugin updater
2025-04-14 13:23:12,724 [INFO] PluginManage:359 - Loaded plugin updater (category:base,tabindex:12)
2025-04-14 13:23:12,725 [INFO] PluginManage:310 - Check plugin userauth
2025-04-14 13:23:12,732 [INFO] UserAuth:118 - Init User Auth plugin
2025-04-14 13:23:12,733 [INFO] PluginManage:359 - Loaded plugin userauth (category:base,tabindex:14)
2025-04-14 13:23:12,734 [INFO] PluginManage:283 - PluginManage : Loaded plugins [18]
2025-04-14 13:23:13,125 [INFO] PinOutPanel:1589 - setPackage(No Configuration,No Configuration)
2025-04-14 13:23:13,275 [INFO] CADModel:165 - CPN selected for project level
2025-04-14 13:23:13,277 [INFO] CADModel:114 - Register for checkConnection events
2025-04-14 13:23:13,310 [INFO] IPUIPlugin:80 - create IPUIPlugin
2025-04-14 13:23:13,310 [INFO] PluginManager:220 - loadIPPluginJar : add adc
2025-04-14 13:23:13,315 [INFO] IPUIPlugin:80 - create IPUIPlugin
2025-04-14 13:23:13,315 [INFO] PluginManager:220 - loadIPPluginJar : add aes
2025-04-14 13:23:13,320 [INFO] IPUIPlugin:80 - create IPUIPlugin
2025-04-14 13:23:13,320 [INFO] PluginManager:220 - loadIPPluginJar : add can
2025-04-14 13:23:13,323 [INFO] IPUIPlugin:80 - create IPUIPlugin
2025-04-14 13:23:13,324 [INFO] PluginManager:220 - loadIPPluginJar : add comp
2025-04-14 13:23:13,329 [INFO] IPUIPlugin:80 - create IPUIPlugin
2025-04-14 13:23:13,329 [INFO] PluginManager:220 - loadIPPluginJar : add cryp
2025-04-14 13:23:13,335 [INFO] IPUIPlugin:80 - create IPUIPlugin
2025-04-14 13:23:13,336 [INFO] PluginManager:220 - loadIPPluginJar : add ddr_ctrl_phy
2025-04-14 13:23:13,340 [INFO] IPUIPlugin:80 - create IPUIPlugin
2025-04-14 13:23:13,341 [INFO] PluginManager:220 - loadIPPluginJar : add dfsdm
2025-04-14 13:23:13,350 [INFO] IPUIPlugin:80 - create IPUIPlugin
2025-04-14 13:23:13,351 [INFO] PluginManager:220 - loadIPPluginJar : add dma
2025-04-14 13:23:13,355 [INFO] IPUIPlugin:80 - create IPUIPlugin
2025-04-14 13:23:13,355 [INFO] PluginManager:220 - loadIPPluginJar : add dma3
2025-04-14 13:23:13,360 [INFO] IPUIPlugin:80 - create IPUIPlugin
2025-04-14 13:23:13,360 [INFO] PluginManager:220 - loadIPPluginJar : add extmemmanager
2025-04-14 13:23:13,364 [INFO] IPUIPlugin:80 - create IPUIPlugin
2025-04-14 13:23:13,364 [INFO] PluginManager:220 - loadIPPluginJar : add fatfs
2025-04-14 13:23:13,379 [INFO] IPUIPlugin:80 - create IPUIPlugin
2025-04-14 13:23:13,380 [INFO] PluginManager:220 - loadIPPluginJar : add fmc
2025-04-14 13:23:13,392 [INFO] IPUIPlugin:80 - create IPUIPlugin
2025-04-14 13:23:13,392 [INFO] PluginManager:220 - loadIPPluginJar : add freertos
2025-04-14 13:23:13,396 [INFO] IPUIPlugin:80 - create IPUIPlugin
2025-04-14 13:23:13,397 [INFO] PluginManager:220 - loadIPPluginJar : add genericplugin
2025-04-14 13:23:13,402 [INFO] IPUIPlugin:80 - create IPUIPlugin
2025-04-14 13:23:13,402 [INFO] PluginManager:220 - loadIPPluginJar : add gfxmmu
2025-04-14 13:23:13,410 [INFO] IPUIPlugin:80 - create IPUIPlugin
2025-04-14 13:23:13,411 [INFO] PluginManager:220 - loadIPPluginJar : add gic
2025-04-14 13:23:13,420 [INFO] IPUIPlugin:80 - create IPUIPlugin
2025-04-14 13:23:13,420 [INFO] PluginManager:220 - loadIPPluginJar : add gpio
2025-04-14 13:23:13,426 [INFO] IPUIPlugin:80 - create IPUIPlugin
2025-04-14 13:23:13,426 [INFO] PluginManager:220 - loadIPPluginJar : add gtzc
2025-04-14 13:23:13,432 [INFO] IPUIPlugin:80 - create IPUIPlugin
2025-04-14 13:23:13,432 [INFO] PluginManager:220 - loadIPPluginJar : add hash
2025-04-14 13:23:13,437 [INFO] IPUIPlugin:80 - create IPUIPlugin
2025-04-14 13:23:13,438 [INFO] PluginManager:220 - loadIPPluginJar : add i2c
2025-04-14 13:23:13,442 [INFO] IPUIPlugin:80 - create IPUIPlugin
2025-04-14 13:23:13,442 [INFO] PluginManager:220 - loadIPPluginJar : add i2s
2025-04-14 13:23:13,448 [INFO] IPUIPlugin:80 - create IPUIPlugin
2025-04-14 13:23:13,448 [INFO] PluginManager:220 - loadIPPluginJar : add i3c
2025-04-14 13:23:13,454 [INFO] IPUIPlugin:80 - create IPUIPlugin
2025-04-14 13:23:13,454 [INFO] PluginManager:220 - loadIPPluginJar : add ipddr
2025-04-14 13:23:13,466 [INFO] IPUIPlugin:80 - create IPUIPlugin
2025-04-14 13:23:13,466 [INFO] PluginManager:220 - loadIPPluginJar : add linkedlist
2025-04-14 13:23:13,470 [INFO] IPUIPlugin:80 - create IPUIPlugin
2025-04-14 13:23:13,470 [INFO] PluginManager:220 - loadIPPluginJar : add lorawan
2025-04-14 13:23:13,475 [INFO] IPUIPlugin:80 - create IPUIPlugin
2025-04-14 13:23:13,476 [INFO] PluginManager:220 - loadIPPluginJar : add ltdc
2025-04-14 13:23:13,487 [INFO] IPUIPlugin:80 - create IPUIPlugin
2025-04-14 13:23:13,488 [INFO] PluginManager:220 - loadIPPluginJar : add mdma
2025-04-14 13:23:13,496 [INFO] IPUIPlugin:80 - create IPUIPlugin
2025-04-14 13:23:13,496 [INFO] PluginManager:220 - loadIPPluginJar : add nvic
2025-04-14 13:23:13,501 [INFO] IPUIPlugin:80 - create IPUIPlugin
2025-04-14 13:23:13,502 [INFO] PluginManager:220 - loadIPPluginJar : add opamp
2025-04-14 13:23:13,509 [INFO] IPUIPlugin:80 - create IPUIPlugin
2025-04-14 13:23:13,509 [INFO] PluginManager:220 - loadIPPluginJar : add openamp
2025-04-14 13:23:13,517 [INFO] IPUIPlugin:80 - create IPUIPlugin
2025-04-14 13:23:13,517 [INFO] PluginManager:220 - loadIPPluginJar : add pdm2pcm
2025-04-14 13:23:13,531 [INFO] IPUIPlugin:80 - create IPUIPlugin
2025-04-14 13:23:13,537 [INFO] PluginManager:220 - loadIPPluginJar : add plateformsettings
2025-04-14 13:23:13,539 [INFO] IPUIPlugin:80 - create IPUIPlugin
2025-04-14 13:23:13,539 [INFO] PluginManager:220 - loadIPPluginJar : add quadspi
2025-04-14 13:23:13,544 [INFO] IPUIPlugin:80 - create IPUIPlugin
2025-04-14 13:23:13,545 [INFO] PluginManager:220 - loadIPPluginJar : add radio
2025-04-14 13:23:13,555 [INFO] IPUIPlugin:80 - create IPUIPlugin
2025-04-14 13:23:13,556 [INFO] PluginManager:220 - loadIPPluginJar : add resmgrutility
2025-04-14 13:23:13,562 [INFO] IPUIPlugin:80 - create IPUIPlugin
2025-04-14 13:23:13,562 [INFO] PluginManager:220 - loadIPPluginJar : add sai
2025-04-14 13:23:13,567 [INFO] IPUIPlugin:80 - create IPUIPlugin
2025-04-14 13:23:13,567 [INFO] PluginManager:220 - loadIPPluginJar : add spi
2025-04-14 13:23:13,581 [INFO] IPUIPlugin:80 - create IPUIPlugin
2025-04-14 13:23:13,581 [INFO] PluginManager:220 - loadIPPluginJar : add stm32_wpan
2025-04-14 13:23:13,586 [INFO] IPUIPlugin:80 - create IPUIPlugin
2025-04-14 13:23:13,586 [INFO] PluginManager:220 - loadIPPluginJar : add tim
2025-04-14 13:23:13,595 [INFO] IPUIPlugin:80 - create IPUIPlugin
2025-04-14 13:23:13,598 [INFO] PluginManager:220 - loadIPPluginJar : add touchsensing
2025-04-14 13:23:13,608 [INFO] IPUIPlugin:80 - create IPUIPlugin
2025-04-14 13:23:13,608 [INFO] PluginManager:220 - loadIPPluginJar : add tracer_emb
2025-04-14 13:23:13,622 [INFO] IPUIPlugin:80 - create IPUIPlugin
2025-04-14 13:23:13,622 [INFO] PluginManager:220 - loadIPPluginJar : add ts
2025-04-14 13:23:13,626 [INFO] IPUIPlugin:80 - create IPUIPlugin
2025-04-14 13:23:13,627 [INFO] PluginManager:220 - loadIPPluginJar : add tsc
2025-04-14 13:23:13,630 [INFO] IPUIPlugin:80 - create IPUIPlugin
2025-04-14 13:23:13,630 [INFO] PluginManager:220 - loadIPPluginJar : add ucpd
2025-04-14 13:23:13,637 [INFO] IPUIPlugin:80 - create IPUIPlugin
2025-04-14 13:23:13,637 [INFO] PluginManager:220 - loadIPPluginJar : add usart
2025-04-14 13:23:13,643 [INFO] IPUIPlugin:80 - create IPUIPlugin
2025-04-14 13:23:13,645 [INFO] PluginManager:220 - loadIPPluginJar : add usbx
2025-04-14 13:23:13,832 [FATAL] Updater:351 - Updater called before beeing initialized
2025-04-14 13:23:13,879 [INFO] RulesReader:64 - Compatibility file has been processed (301 Rules)
2025-04-14 13:23:13,896 [INFO] RulesReader:64 - Compatibility file has been processed (301 Rules)
2025-04-14 13:23:13,909 [INFO] CADModel:165 - CPN selected for project level
2025-04-14 13:23:13,909 [INFO] CADModel:114 - Register for checkConnection events
2025-04-14 13:23:13,909 [FATAL] Updater:351 - Updater called before beeing initialized
2025-04-14 13:23:13,909 [ERROR] CADModel:125 - Updater not yet initialized, retry later 
2025-04-14 13:23:14,182 [FATAL] Updater:351 - Updater called before beeing initialized
2025-04-14 13:23:14,187 [INFO] CADModel:165 - CPN selected for project level
2025-04-14 13:23:14,187 [INFO] CADModel:114 - Register for checkConnection events
2025-04-14 13:23:14,189 [FATAL] Updater:351 - Updater called before beeing initialized
2025-04-14 13:23:14,189 [ERROR] CADModel:125 - Updater not yet initialized, retry later 
2025-04-14 13:23:14,198 [FATAL] Updater:351 - Updater called before beeing initialized
2025-04-14 13:23:14,405 [FATAL] Updater:351 - Updater called before beeing initialized
2025-04-14 13:23:14,413 [INFO] DbMcusAds:53 - JSON generation date=Thu Mar 06 15:54:21 CET 2025 (1741272861825)
2025-04-14 13:23:14,417 [FATAL] Updater:351 - Updater called before beeing initialized
2025-04-14 13:23:14,494 [WARN] DetailPanel:346 - Failed to get advertising image, set to default
2025-04-14 13:23:15,055 [FATAL] Updater:351 - Updater called before beeing initialized
2025-04-14 13:23:15,057 [FATAL] Updater:351 - Updater called before beeing initialized
2025-04-14 13:23:15,058 [FATAL] Updater:351 - Updater called before beeing initialized
2025-04-14 13:23:15,058 [WARN] DetailPanel:346 - Failed to get advertising image, set to default
2025-04-14 13:23:15,059 [FATAL] Updater:351 - Updater called before beeing initialized
2025-04-14 13:23:15,152 [ERROR] Updater:1198 - MainUpdater not yet initialized. External WinMGr cannot be set.
2025-04-14 13:23:15,155 [INFO] Updater:1134 - Updater Version found : 6.14.0
2025-04-14 13:23:15,202 [INFO] ApplicationProperties:184 - Using Application install path: D:\Programy\STM32CubeIDE_1.18.0\STM32CubeIDE\plugins\com.st.stm32cube.common.mx_6.14.0.202502271554
2025-04-14 13:23:15,298 [INFO] ThirdPartyUpdaterWithRetryManager:70 - Updater plugin not ready yet. [2/15]
2025-04-14 13:23:16,846 [ERROR] LogOutputStream:75 - [STDERR_REDIRECT] Apr 14, 2025 1:23:16 PM java.util.prefs.WindowsPreferences <init>
2025-04-14 13:23:16,848 [ERROR] LogOutputStream:75 - [STDERR_REDIRECT] WARNING: Could not open/create prefs root node Software\JavaSoft\Prefs at root 0xffffffff80000002. Windows RegCreateKeyEx(...) returned error code 5.
2025-04-14 13:23:16,848 [ERROR] LogOutputStream:75 - [STDERR_REDIRECT] 
2025-04-14 13:23:17,320 [INFO] MainUpdater:2872 - connection check result : 10
2025-04-14 13:23:17,320 [INFO] MainUpdater:3566 - Updater definition file requires update
2025-04-14 13:23:17,320 [INFO] MainUpdater:289 - Updater Check For Update Now.
2025-04-14 13:23:17,320 [INFO] MicroXplorer:498 - Change Database Version : DB.6.0.140
2025-04-14 13:23:17,332 [INFO] McuFinderGlobals:63 - Set McuFinder mode to 2 (CubeIDE integrated)
2025-04-14 13:23:17,333 [INFO] UserAuth:486 - Internet connection configuration mode: 1
2025-04-14 13:23:17,369 [INFO] ServerAccessManage:473 - Download File updaters.zip
2025-04-14 13:23:17,372 [INFO] JxBrowserEngine:152 - Initiate JxBrowser Engine with user profile folder
2025-04-14 13:23:17,522 [INFO] FileExtend:242 - Unzip File : updaters.zip
2025-04-14 13:23:17,522 [INFO] FileExtend:257 - Standard Zip Deflate
2025-04-14 13:23:18,300 [WARN] MainUpdater:1193 - Updater busy. Cannot search thirdparties
2025-04-14 13:23:18,301 [INFO] ThirdPartyUpdaterWithRetryManager:96 - Updater plugin is busy. [1/15]
2025-04-14 13:23:18,451 [INFO] ServerAccessManage:473 - Download File PacksControlFlags.xml
2025-04-14 13:23:18,544 [INFO] ServerAccessManage:473 - Download File cubemx.pidx
2025-04-14 13:23:18,733 [INFO] LoadServerUpdatesThread:375 - End of LoadServerUpdate Thread
2025-04-14 13:23:18,928 [INFO] CheckServerUpdateThread:120 - End of CheckServer Thread
2025-04-14 13:23:20,761 [INFO] WebApp:169 - Instantiating new browser for Auth
2025-04-14 13:23:21,919 [WARN] PackLoader:240 - Cannot read IP mode file for STMicroelectronics.FP-SNS-MOTENVWB1.1.4.0
2025-04-14 13:23:21,944 [WARN] PackLoader:240 - Cannot read IP mode file for STMicroelectronics.FP-ATR-ASTRA1.2.0.2
2025-04-14 13:23:21,970 [WARN] PackLoader:240 - Cannot read IP mode file for STMicroelectronics.X-CUBE-SMBUS.2.1.0
2025-04-14 13:23:21,994 [INFO] WebApp:463 - Apply proxy settings
2025-04-14 13:23:21,995 [INFO] WebApp:548 - Chromium requires no authentication
2025-04-14 13:23:22,004 [WARN] PackLoader:240 - Cannot read IP mode file for STMicroelectronics.X-CUBE-WB05N.1.1.0
2025-04-14 13:23:22,015 [INFO] WebApp:491 - Direct internet connection detected
2025-04-14 13:23:22,076 [WARN] PackLoader:240 - Cannot read IP mode file for STMicroelectronics.X-CUBE-AZRTOS-F7.1.1.0
2025-04-14 13:23:22,086 [INFO] WebApp:894 - Register for checkConnection events
2025-04-14 13:23:22,086 [INFO] WebApp:463 - Apply proxy settings
2025-04-14 13:23:22,087 [INFO] WebApp:548 - Chromium requires no authentication
2025-04-14 13:23:22,089 [INFO] WebApp:491 - Direct internet connection detected
2025-04-14 13:23:22,098 [WARN] PackLoader:240 - Cannot read IP mode file for STMicroelectronics.FP-SNS-FLIGHT1.5.0.2
2025-04-14 13:23:22,170 [WARN] PackLoader:240 - Cannot read IP mode file for Infineon.AIROC-Wi-Fi-Bluetooth-STM32.1.7.0
2025-04-14 13:23:22,228 [WARN] PackLoader:240 - Cannot read IP mode file for STMicroelectronics.X-CUBE-DISPLAY.3.0.0
2025-04-14 13:23:22,282 [WARN] PackLoader:240 - Cannot read IP mode file for STMicroelectronics.X-CUBE-NFC10.1.0.0
2025-04-14 13:23:22,334 [INFO] WebApp:191 - Connection restablished
2025-04-14 13:23:22,347 [WARN] PackLoader:240 - Cannot read IP mode file for STMicroelectronics.X-CUBE-BLEMGR.4.0.0
2025-04-14 13:23:22,391 [WARN] PackLoader:240 - Cannot read IP mode file for emotas.I-CUBE-CANOPEN.1.3.0
2025-04-14 13:23:22,427 [WARN] PackLoader:240 - Cannot read IP mode file for STMicroelectronics.X-CUBE-AI.10.0.0
2025-04-14 13:23:22,446 [WARN] PackLoader:240 - Cannot read IP mode file for STMicroelectronics.FP-SNS-SMARTAG2.1.2.0
2025-04-14 13:23:22,483 [WARN] PackLoader:240 - Cannot read IP mode file for STMicroelectronics.FP-SNS-FLIGHT1.5.1.0
2025-04-14 13:23:22,780 [INFO] WebApp:225 - Starting web application
2025-04-14 13:23:22,780 [INFO] WebApp:593 - Web application path used D:\Programy\STM32CubeIDE_1.18.0\STM32CubeIDE\plugins\com.st.stm32cube.common.mx_6.14.0.202502271554\db\plugins\mcufinder\reactClient1\index.html
2025-04-14 13:23:22,869 [WARN] PackLoader:240 - Cannot read IP mode file for STMicroelectronics.X-CUBE-MEMS1.11.1.0
2025-04-14 13:23:23,299 [INFO] UserAuth:486 - Internet connection configuration mode: 1
2025-04-14 13:23:23,313 [INFO] LogOutputStream:77 - [STDOUT_REDIRECT] 1 : Invalid condition id : UX_CORESTACK_Condition cause : null
2025-04-14 13:23:23,313 [INFO] LogOutputStream:77 - [STDOUT_REDIRECT] 1 : Invalid condition id : UX_CORESTACK_Condition cause : null
2025-04-14 13:23:23,316 [INFO] LogOutputStream:77 - [STDOUT_REDIRECT] 1 : Invalid condition id : UX_CORESTACK_Condition cause : null
2025-04-14 13:23:23,319 [INFO] LogOutputStream:77 - [STDOUT_REDIRECT] 1 : Invalid condition id : UX_CORESTACK_Condition cause : null
2025-04-14 13:23:23,321 [INFO] LogOutputStream:77 - [STDOUT_REDIRECT] 1 : Invalid condition id : UX_CORESTACK_Condition cause : null
2025-04-14 13:23:23,324 [WARN] PackLoader:240 - Cannot read IP mode file for STMicroelectronics.X-CUBE-AZRTOS-WL.2.0.0
2025-04-14 13:23:23,341 [WARN] PackLoader:240 - Cannot read IP mode file for STMicroelectronics.FP-SNS-MOTENV1.5.0.0
2025-04-14 13:23:23,362 [WARN] PackLoader:240 - Cannot read IP mode file for WES.I-CUBE-Cesium.1.3.0
2025-04-14 13:23:23,416 [WARN] PackLoader:240 - Cannot read IP mode file for STMicroelectronics.X-CUBE-BLE2.3.3.0
2025-04-14 13:23:23,442 [WARN] PackLoader:240 - Cannot read IP mode file for STMicroelectronics.X-CUBE-NFC9.1.0.0
2025-04-14 13:23:23,463 [WARN] PackLoader:240 - Cannot read IP mode file for STMicroelectronics.X-CUBE-BLE1.7.1.0
2025-04-14 13:23:23,484 [WARN] PackLoader:240 - Cannot read IP mode file for wolfSSL.I-CUBE-wolfMQTT.1.19.2
2025-04-14 13:23:23,564 [WARN] PackLoader:240 - Cannot read IP mode file for STMicroelectronics.X-CUBE-AZRTOS-G0.1.1.0
2025-04-14 13:23:23,577 [WARN] PackLoader:240 - Cannot read IP mode file for STMicroelectronics.X-CUBE-SAFEA1.1.2.2
2025-04-14 13:23:23,614 [WARN] PackLoader:240 - Cannot read IP mode file for STMicroelectronics.X-CUBE-NFC4.3.0.0
2025-04-14 13:23:23,639 [WARN] PackLoader:240 - Cannot read IP mode file for EmbeddedOffice.I-CUBE-FS-RTOS.1.0.1
2025-04-14 13:23:23,653 [WARN] PackLoader:240 - Cannot read IP mode file for wolfSSL.I-CUBE-wolfTPM.3.8.0
2025-04-14 13:23:23,675 [WARN] PackLoader:240 - Cannot read IP mode file for STMicroelectronics.X-CUBE-TCPP.4.2.0
2025-04-14 13:23:23,702 [WARN] PackLoader:240 - Cannot read IP mode file for RealThread.X-CUBE-RT-Thread_Nano.4.1.1
2025-04-14 13:23:23,714 [WARN] PackLoader:240 - Cannot read IP mode file for STMicroelectronics.FP-ATR-SIGFOX1.3.2.0
2025-04-14 13:23:23,723 [WARN] ConditionMgr:438 - getConditionDescription Invalid condition id : Cortex-A Device cause : null
2025-04-14 13:23:23,752 [WARN] ConditionMgr:1044 - genDependencies : Invalid condition id : Cortex-A Device cause : null
2025-04-14 13:23:23,752 [WARN] ConditionMgr:1044 - genDependencies : Invalid condition id : Cortex-A Device cause : null
2025-04-14 13:23:23,753 [WARN] ConditionMgr:1044 - genDependencies : Invalid condition id : Cortex-A Device cause : null
2025-04-14 13:23:23,764 [WARN] PackLoader:240 - Cannot read IP mode file for STMicroelectronics.X-CUBE-EEPRMA1.5.1.0
2025-04-14 13:23:23,777 [WARN] PackLoader:240 - Cannot read IP mode file for wolfSSL.I-CUBE-wolfSSL.5.7.6
2025-04-14 13:23:23,797 [WARN] PackLoader:240 - Cannot read IP mode file for ITTIA_DB.I-CUBE-ITTIADB.8.9.0
2025-04-14 13:23:23,866 [WARN] PackLoader:240 - Cannot read IP mode file for SEGGER.I-CUBE-embOS.1.3.1
2025-04-14 13:23:23,956 [WARN] PackLoader:240 - Cannot read IP mode file for STMicroelectronics.X-CUBE-ALGOBUILD.1.4.0
2025-04-14 13:23:23,986 [WARN] PackLoader:240 - Cannot read IP mode file for STMicroelectronics.X-CUBE-AZRTOS-F4.1.1.0
2025-04-14 13:23:23,999 [WARN] PackLoader:240 - Cannot read IP mode file for STMicroelectronics.X-CUBE-ISPU.2.1.0
2025-04-14 13:23:24,033 [WARN] PackLoader:240 - Cannot read IP mode file for STMicroelectronics.X-CUBE-AZRTOS-L5.2.0.0
2025-04-14 13:23:24,056 [WARN] PackLoader:240 - Cannot read IP mode file for STMicroelectronics.X-CUBE-NFC6.3.1.0
2025-04-14 13:23:24,069 [WARN] PackLoader:240 - Cannot read IP mode file for STMicroelectronics.X-CUBE-DPower.1.2.0
2025-04-14 13:23:24,089 [WARN] PackLoader:240 - Cannot read IP mode file for STMicroelectronics.X-CUBE-FREERTOS.1.3.0
2025-04-14 13:23:24,112 [WARN] PackLoader:240 - Cannot read IP mode file for STMicroelectronics.X-CUBE-NFC7.1.0.1
2025-04-14 13:23:24,124 [WARN] PackLoader:240 - Cannot read IP mode file for STMicroelectronics.X-CUBE-DPower.1.3.0
2025-04-14 13:23:24,150 [WARN] ConditionMgr:438 - getConditionDescription Invalid condition id : LAN8742 Phy interface Condition cause : null
2025-04-14 13:23:24,151 [WARN] PackLoader:240 - Cannot read IP mode file for STMicroelectronics.X-CUBE-AZRTOS-L4.2.0.0
2025-04-14 13:23:24,155 [WARN] ConditionMgr:1044 - genDependencies : Invalid condition id : LAN8742 Phy interface Condition cause : null
2025-04-14 13:23:24,155 [WARN] ConditionMgr:1044 - genDependencies : Invalid condition id : LAN8742 Phy interface Condition cause : null
2025-04-14 13:23:24,158 [WARN] ConditionMgr:1044 - genDependencies : Invalid condition id : LAN8742 Phy interface Condition cause : null
2025-04-14 13:23:24,177 [WARN] PackLoader:240 - Cannot read IP mode file for STMicroelectronics.X-CUBE-SFXS2LP1.4.0.0
2025-04-14 13:23:24,205 [WARN] PackLoader:240 - Cannot read IP mode file for STMicroelectronics.X-CUBE-AZRTOS-H7.3.3.0
2025-04-14 13:23:24,276 [WARN] ConditionMgr:438 - getConditionDescription Invalid condition id : UX DEVICE CLASS RTOS Condition cause : null
2025-04-14 13:23:24,276 [WARN] ConditionMgr:438 - getConditionDescription Invalid condition id : UX DEVICE CLASS RTOS Condition cause : null
2025-04-14 13:23:24,280 [WARN] PackLoader:240 - Cannot read IP mode file for STMicroelectronics.X-CUBE-AZRTOS-WB.2.0.0
2025-04-14 13:23:24,282 [WARN] ConditionMgr:1044 - genDependencies : Invalid condition id : UX DEVICE CLASS RTOS Condition cause : null
2025-04-14 13:23:24,283 [WARN] ConditionMgr:1044 - genDependencies : Invalid condition id : UX DEVICE CLASS RTOS Condition cause : null
2025-04-14 13:23:24,286 [WARN] ConditionMgr:1044 - genDependencies : Invalid condition id : UX DEVICE CLASS RTOS Condition cause : null
2025-04-14 13:23:24,286 [WARN] ConditionMgr:1044 - genDependencies : Invalid condition id : UX DEVICE CLASS RTOS Condition cause : null
2025-04-14 13:23:24,287 [WARN] ConditionMgr:1044 - genDependencies : Invalid condition id : UX DEVICE CLASS RTOS Condition cause : null
2025-04-14 13:23:24,299 [WARN] PackLoader:240 - Cannot read IP mode file for STMicroelectronics.X-CUBE-GNSS1.7.0.1
2025-04-14 13:23:24,310 [WARN] PackLoader:240 - Cannot read IP mode file for STMicroelectronics.X-CUBE-TOUCHGFX.4.25.0
2025-04-14 13:23:24,323 [WARN] PackLoader:240 - Cannot read IP mode file for STMicroelectronics.FP-SNS-STBOX1.2.0.0
2025-04-14 13:23:24,351 [WARN] PackLoader:240 - Cannot read IP mode file for STMicroelectronics.X-CUBE-SUBG2.5.0.0
2025-04-14 13:23:24,452 [WARN] PackLoader:240 - Cannot read IP mode file for STMicroelectronics.X-CUBE-AZRTOS-H7RS.1.1.0
2025-04-14 13:23:24,479 [WARN] PackLoader:240 - Cannot read IP mode file for Cesanta.I-CUBE-Mongoose.7.13.0
2025-04-14 13:23:24,511 [WARN] PackLoader:240 - Cannot read IP mode file for STMicroelectronics.X-CUBE-AZRTOS-G4.2.0.0
2025-04-14 13:23:24,536 [WARN] PackLoader:240 - Cannot read IP mode file for wolfSSL.I-CUBE-wolfSSH.1.4.20
2025-04-14 13:23:24,554 [WARN] PackLoader:240 - Cannot read IP mode file for STMicroelectronics.X-CUBE-IPS.3.1.0
2025-04-14 13:23:24,576 [WARN] PackLoader:240 - Cannot read IP mode file for STMicroelectronics.X-CUBE-ALS.1.0.2
2025-04-14 13:23:24,583 [WARN] PackLoader:240 - Cannot read IP mode file for STMicroelectronics.X-CUBE-TOUCHGFX.4.24.2
2025-04-14 13:23:24,616 [WARN] PackLoader:240 - Cannot read IP mode file for portGmbH.I-Cube-SoM-uGOAL.1.1.0
2025-04-14 13:23:24,635 [WARN] PackLoader:240 - Cannot read IP mode file for STMicroelectronics.X-CUBE-AZRTOS-H7RS.1.0.0
2025-04-14 13:23:24,651 [WARN] PackLoader:240 - Cannot read IP mode file for STMicroelectronics.X-CUBE-TOF1.3.4.2
2025-04-14 13:23:24,664 [INFO] ThirdParty:978 - Integrity check success = true
2025-04-14 13:23:24,664 [INFO] IntegrityCheckThread:100 - exiting critical section [integrity check]
2025-04-14 13:23:24,664 [INFO] IntegrityCheckThread:103 - End integrity checks thread
2025-04-14 13:24:01,320 [INFO] WebApp:194 - Connection lost
2025-04-14 13:24:01,500 [INFO] WebApp:191 - Connection restablished
2025-04-14 13:30:09,822 [INFO] WebApp:194 - Connection lost
2025-04-14 13:30:11,018 [INFO] WebApp:191 - Connection restablished
2025-04-14 13:30:36,799 [INFO] WebApp:194 - Connection lost
2025-04-14 13:30:36,925 [INFO] WebApp:191 - Connection restablished
2025-04-14 14:10:31,829 [INFO] WebApp:194 - Connection lost
2025-04-14 14:10:31,957 [INFO] WebApp:191 - Connection restablished
2025-04-14 14:17:09,321 [INFO] WebApp:194 - Connection lost
2025-04-14 14:17:09,445 [INFO] WebApp:191 - Connection restablished
2025-04-14 14:27:20,817 [INFO] WebApp:194 - Connection lost
2025-04-14 14:27:20,937 [INFO] WebApp:191 - Connection restablished
2025-04-14 14:27:24,066 [ERROR] LogOutputStream:75 - [STDERR_REDIRECT] 
2025-04-14 14:27:24,067 [ERROR] LogOutputStream:75 - [STDERR_REDIRECT] 
