
*** Running vivado
    with args -log MUL4x4.vds -m64 -product Vivado -mode batch -messageDb vivado.pb -notrace -source MUL4x4.tcl



****** Vivado v2020.2 (64-bit)
  **** SW Build 3064766 on Wed Nov 18 09:12:45 MST 2020
  **** IP Build 3064653 on Wed Nov 18 14:17:31 MST 2020
    ** Copyright 1986-2020 Xilinx, Inc. All Rights Reserved.

source MUL4x4.tcl -notrace
Command: synth_design -top MUL4x4 -part xc7a12tcpg238-3
Starting synth_design
Attempting to get a license for feature 'Synthesis' and/or device 'xc7a12t'
INFO: [Common 17-349] Got license for feature 'Synthesis' and/or device 'xc7a12t'
INFO: [Synth 8-7079] Multithreading enabled for synth_design using a maximum of 2 processes.
INFO: [Synth 8-7078] Launching helper process for spawning children vivado processes
INFO: [Synth 8-7075] Helper process launched with PID 22108
---------------------------------------------------------------------------------
Starting Synthesize : Time (s): cpu = 00:00:02 ; elapsed = 00:00:05 . Memory (MB): peak = 1001.879 ; gain = 0.000
---------------------------------------------------------------------------------
INFO: [Synth 8-638] synthesizing module 'MUL4x4' [D:/github/Studies/Programowalne_Uklady_Logiczne/Lab_3/MUL_4x4/MUL_4x4.srcs/sources_1/new/MUL4x4.vhd:14]
	Parameter N1 bound to: 3 - type: integer 
	Parameter N2 bound to: 7 - type: integer 
	Parameter N bound to: 8 - type: integer 
INFO: [Synth 8-3491] module 'SUMNB' declared at 'D:/github/Studies/Programowalne_Uklady_Logiczne/Lab_3/SUM1B/SUM1B.srcs/sources_1/new/SUMNB.vhd:4' bound to instance 'U1' of component 'SUMNB' [D:/github/Studies/Programowalne_Uklady_Logiczne/Lab_3/MUL_4x4/MUL_4x4.srcs/sources_1/new/MUL4x4.vhd:44]
INFO: [Synth 8-638] synthesizing module 'SUMNB' [D:/github/Studies/Programowalne_Uklady_Logiczne/Lab_3/SUM1B/SUM1B.srcs/sources_1/new/SUMNB.vhd:13]
	Parameter N bound to: 8 - type: integer 
INFO: [Synth 8-3491] module 'SUM1B' declared at 'D:/github/Studies/Programowalne_Uklady_Logiczne/Lab_3/SUM1B/SUM1B.srcs/sources_1/new/SUM1B.vhd:4' bound to instance 'SUM' of component 'SUM1B' [D:/github/Studies/Programowalne_Uklady_Logiczne/Lab_3/SUM1B/SUM1B.srcs/sources_1/new/SUMNB.vhd:27]
INFO: [Synth 8-638] synthesizing module 'SUM1B' [D:/github/Studies/Programowalne_Uklady_Logiczne/Lab_3/SUM1B/SUM1B.srcs/sources_1/new/SUM1B.vhd:9]
INFO: [Synth 8-256] done synthesizing module 'SUM1B' (1#1) [D:/github/Studies/Programowalne_Uklady_Logiczne/Lab_3/SUM1B/SUM1B.srcs/sources_1/new/SUM1B.vhd:9]
INFO: [Synth 8-3491] module 'SUM1B' declared at 'D:/github/Studies/Programowalne_Uklady_Logiczne/Lab_3/SUM1B/SUM1B.srcs/sources_1/new/SUM1B.vhd:4' bound to instance 'SUM' of component 'SUM1B' [D:/github/Studies/Programowalne_Uklady_Logiczne/Lab_3/SUM1B/SUM1B.srcs/sources_1/new/SUMNB.vhd:37]
INFO: [Synth 8-3491] module 'SUM1B' declared at 'D:/github/Studies/Programowalne_Uklady_Logiczne/Lab_3/SUM1B/SUM1B.srcs/sources_1/new/SUM1B.vhd:4' bound to instance 'SUM' of component 'SUM1B' [D:/github/Studies/Programowalne_Uklady_Logiczne/Lab_3/SUM1B/SUM1B.srcs/sources_1/new/SUMNB.vhd:37]
INFO: [Synth 8-3491] module 'SUM1B' declared at 'D:/github/Studies/Programowalne_Uklady_Logiczne/Lab_3/SUM1B/SUM1B.srcs/sources_1/new/SUM1B.vhd:4' bound to instance 'SUM' of component 'SUM1B' [D:/github/Studies/Programowalne_Uklady_Logiczne/Lab_3/SUM1B/SUM1B.srcs/sources_1/new/SUMNB.vhd:37]
INFO: [Synth 8-3491] module 'SUM1B' declared at 'D:/github/Studies/Programowalne_Uklady_Logiczne/Lab_3/SUM1B/SUM1B.srcs/sources_1/new/SUM1B.vhd:4' bound to instance 'SUM' of component 'SUM1B' [D:/github/Studies/Programowalne_Uklady_Logiczne/Lab_3/SUM1B/SUM1B.srcs/sources_1/new/SUMNB.vhd:37]
INFO: [Synth 8-3491] module 'SUM1B' declared at 'D:/github/Studies/Programowalne_Uklady_Logiczne/Lab_3/SUM1B/SUM1B.srcs/sources_1/new/SUM1B.vhd:4' bound to instance 'SUM' of component 'SUM1B' [D:/github/Studies/Programowalne_Uklady_Logiczne/Lab_3/SUM1B/SUM1B.srcs/sources_1/new/SUMNB.vhd:37]
INFO: [Synth 8-3491] module 'SUM1B' declared at 'D:/github/Studies/Programowalne_Uklady_Logiczne/Lab_3/SUM1B/SUM1B.srcs/sources_1/new/SUM1B.vhd:4' bound to instance 'SUM' of component 'SUM1B' [D:/github/Studies/Programowalne_Uklady_Logiczne/Lab_3/SUM1B/SUM1B.srcs/sources_1/new/SUMNB.vhd:37]
INFO: [Synth 8-3491] module 'SUM1B' declared at 'D:/github/Studies/Programowalne_Uklady_Logiczne/Lab_3/SUM1B/SUM1B.srcs/sources_1/new/SUM1B.vhd:4' bound to instance 'SUM' of component 'SUM1B' [D:/github/Studies/Programowalne_Uklady_Logiczne/Lab_3/SUM1B/SUM1B.srcs/sources_1/new/SUMNB.vhd:47]
INFO: [Synth 8-256] done synthesizing module 'SUMNB' (2#1) [D:/github/Studies/Programowalne_Uklady_Logiczne/Lab_3/SUM1B/SUM1B.srcs/sources_1/new/SUMNB.vhd:13]
	Parameter N bound to: 8 - type: integer 
INFO: [Synth 8-3491] module 'SUMNB' declared at 'D:/github/Studies/Programowalne_Uklady_Logiczne/Lab_3/SUM1B/SUM1B.srcs/sources_1/new/SUMNB.vhd:4' bound to instance 'U2' of component 'SUMNB' [D:/github/Studies/Programowalne_Uklady_Logiczne/Lab_3/MUL_4x4/MUL_4x4.srcs/sources_1/new/MUL4x4.vhd:53]
	Parameter N bound to: 8 - type: integer 
INFO: [Synth 8-3491] module 'SUMNB' declared at 'D:/github/Studies/Programowalne_Uklady_Logiczne/Lab_3/SUM1B/SUM1B.srcs/sources_1/new/SUMNB.vhd:4' bound to instance 'U3' of component 'SUMNB' [D:/github/Studies/Programowalne_Uklady_Logiczne/Lab_3/MUL_4x4/MUL_4x4.srcs/sources_1/new/MUL4x4.vhd:62]
INFO: [Synth 8-256] done synthesizing module 'MUL4x4' (3#1) [D:/github/Studies/Programowalne_Uklady_Logiczne/Lab_3/MUL_4x4/MUL_4x4.srcs/sources_1/new/MUL4x4.vhd:14]
---------------------------------------------------------------------------------
Finished Synthesize : Time (s): cpu = 00:00:03 ; elapsed = 00:00:06 . Memory (MB): peak = 1001.879 ; gain = 0.000
---------------------------------------------------------------------------------
---------------------------------------------------------------------------------
Finished Constraint Validation : Time (s): cpu = 00:00:03 ; elapsed = 00:00:06 . Memory (MB): peak = 1001.879 ; gain = 0.000
---------------------------------------------------------------------------------
---------------------------------------------------------------------------------
Start Loading Part and Timing Information
---------------------------------------------------------------------------------
Loading part: xc7a12tcpg238-3
INFO: [Device 21-403] Loading part xc7a12tcpg238-3
---------------------------------------------------------------------------------
Finished Loading Part and Timing Information : Time (s): cpu = 00:00:03 ; elapsed = 00:00:06 . Memory (MB): peak = 1001.879 ; gain = 0.000
---------------------------------------------------------------------------------
---------------------------------------------------------------------------------
Finished RTL Optimization Phase 2 : Time (s): cpu = 00:00:03 ; elapsed = 00:00:06 . Memory (MB): peak = 1001.879 ; gain = 0.000
---------------------------------------------------------------------------------
No constraint files found.
---------------------------------------------------------------------------------
Start RTL Component Statistics 
---------------------------------------------------------------------------------
Detailed RTL Component Info : 
+---XORs : 
	   3 Input      1 Bit         XORs := 24    
+---Muxes : 
	   2 Input    8 Bit        Muxes := 3     
	   2 Input    4 Bit        Muxes := 1     
---------------------------------------------------------------------------------
Finished RTL Component Statistics 
---------------------------------------------------------------------------------
---------------------------------------------------------------------------------
Start Part Resource Summary
---------------------------------------------------------------------------------
Part Resources:
DSPs: 40 (col length:40)
BRAMs: 40 (col length: RAMB18 40 RAMB36 20)
---------------------------------------------------------------------------------
Finished Part Resource Summary
---------------------------------------------------------------------------------
No constraint files found.
---------------------------------------------------------------------------------
Start Cross Boundary and Area Optimization
---------------------------------------------------------------------------------
---------------------------------------------------------------------------------
Finished Cross Boundary and Area Optimization : Time (s): cpu = 00:00:05 ; elapsed = 00:00:17 . Memory (MB): peak = 1001.879 ; gain = 0.000
---------------------------------------------------------------------------------
No constraint files found.
---------------------------------------------------------------------------------
Start Timing Optimization
---------------------------------------------------------------------------------
---------------------------------------------------------------------------------
Finished Timing Optimization : Time (s): cpu = 00:00:05 ; elapsed = 00:00:17 . Memory (MB): peak = 1001.879 ; gain = 0.000
---------------------------------------------------------------------------------
---------------------------------------------------------------------------------
Start Technology Mapping
---------------------------------------------------------------------------------
---------------------------------------------------------------------------------
Finished Technology Mapping : Time (s): cpu = 00:00:05 ; elapsed = 00:00:17 . Memory (MB): peak = 1001.879 ; gain = 0.000
---------------------------------------------------------------------------------
---------------------------------------------------------------------------------
Start IO Insertion
---------------------------------------------------------------------------------
---------------------------------------------------------------------------------
Start Flattening Before IO Insertion
---------------------------------------------------------------------------------
---------------------------------------------------------------------------------
Finished Flattening Before IO Insertion
---------------------------------------------------------------------------------
---------------------------------------------------------------------------------
Start Final Netlist Cleanup
---------------------------------------------------------------------------------
---------------------------------------------------------------------------------
Finished Final Netlist Cleanup
---------------------------------------------------------------------------------
---------------------------------------------------------------------------------
Finished IO Insertion : Time (s): cpu = 00:00:07 ; elapsed = 00:00:20 . Memory (MB): peak = 1001.879 ; gain = 0.000
---------------------------------------------------------------------------------
---------------------------------------------------------------------------------
Start Renaming Generated Instances
---------------------------------------------------------------------------------
---------------------------------------------------------------------------------
Finished Renaming Generated Instances : Time (s): cpu = 00:00:07 ; elapsed = 00:00:20 . Memory (MB): peak = 1001.879 ; gain = 0.000
---------------------------------------------------------------------------------
---------------------------------------------------------------------------------
Start Rebuilding User Hierarchy
---------------------------------------------------------------------------------
---------------------------------------------------------------------------------
Finished Rebuilding User Hierarchy : Time (s): cpu = 00:00:07 ; elapsed = 00:00:20 . Memory (MB): peak = 1001.879 ; gain = 0.000
---------------------------------------------------------------------------------
---------------------------------------------------------------------------------
Start Renaming Generated Ports
---------------------------------------------------------------------------------
---------------------------------------------------------------------------------
Finished Renaming Generated Ports : Time (s): cpu = 00:00:07 ; elapsed = 00:00:20 . Memory (MB): peak = 1001.879 ; gain = 0.000
---------------------------------------------------------------------------------
---------------------------------------------------------------------------------
Start Handling Custom Attributes
---------------------------------------------------------------------------------
---------------------------------------------------------------------------------
Finished Handling Custom Attributes : Time (s): cpu = 00:00:07 ; elapsed = 00:00:20 . Memory (MB): peak = 1001.879 ; gain = 0.000
---------------------------------------------------------------------------------
---------------------------------------------------------------------------------
Start Renaming Generated Nets
---------------------------------------------------------------------------------
---------------------------------------------------------------------------------
Finished Renaming Generated Nets : Time (s): cpu = 00:00:07 ; elapsed = 00:00:20 . Memory (MB): peak = 1001.879 ; gain = 0.000
---------------------------------------------------------------------------------
---------------------------------------------------------------------------------
Start Writing Synthesis Report
---------------------------------------------------------------------------------

Report BlackBoxes: 
+-+--------------+----------+
| |BlackBox name |Instances |
+-+--------------+----------+
+-+--------------+----------+

Report Cell Usage: 
+------+-----+------+
|      |Cell |Count |
+------+-----+------+
|1     |LUT2 |     1|
|2     |LUT4 |     6|
|3     |LUT6 |    11|
|4     |IBUF |     8|
|5     |OBUF |     8|
+------+-----+------+

Report Instance Areas: 
+------+---------+-------+------+
|      |Instance |Module |Cells |
+------+---------+-------+------+
|1     |top      |       |    34|
+------+---------+-------+------+
---------------------------------------------------------------------------------
Finished Writing Synthesis Report : Time (s): cpu = 00:00:07 ; elapsed = 00:00:20 . Memory (MB): peak = 1001.879 ; gain = 0.000
---------------------------------------------------------------------------------
Synthesis finished with 0 errors, 0 critical warnings and 0 warnings.
Synthesis Optimization Runtime : Time (s): cpu = 00:00:07 ; elapsed = 00:00:20 . Memory (MB): peak = 1001.879 ; gain = 0.000
Synthesis Optimization Complete : Time (s): cpu = 00:00:07 ; elapsed = 00:00:20 . Memory (MB): peak = 1001.879 ; gain = 0.000
INFO: [Project 1-571] Translating synthesized netlist
Netlist sorting complete. Time (s): cpu = 00:00:00 ; elapsed = 00:00:00 . Memory (MB): peak = 1001.879 ; gain = 0.000
INFO: [Project 1-570] Preparing netlist for logic optimization
INFO: [Opt 31-138] Pushed 0 inverter(s) to 0 load pin(s).
Netlist sorting complete. Time (s): cpu = 00:00:00 ; elapsed = 00:00:00 . Memory (MB): peak = 1001.879 ; gain = 0.000
INFO: [Project 1-111] Unisim Transformation Summary:
No Unisim elements were transformed.

INFO: [Common 17-83] Releasing license: Synthesis
27 Infos, 0 Warnings, 0 Critical Warnings and 0 Errors encountered.
synth_design completed successfully
synth_design: Time (s): cpu = 00:00:09 ; elapsed = 00:00:24 . Memory (MB): peak = 1001.879 ; gain = 0.000
INFO: [Common 17-1381] The checkpoint 'D:/github/Studies/Programowalne_Uklady_Logiczne/Lab_3/MUL_4x4/MUL_4x4.runs/synth_1/MUL4x4.dcp' has been generated.
INFO: [runtcl-4] Executing : report_utilization -file MUL4x4_utilization_synth.rpt -pb MUL4x4_utilization_synth.pb
INFO: [Common 17-206] Exiting Vivado at Mon Oct 21 19:07:06 2024...
